# JRE version: Java(TM) SE Runtime Environment (8.0_201-b09) (build 1.8.0_201-b09)
# Java VM: Java HotSpot(TM) 64-Bit Server VM (25.201-b09 mixed mode windows-amd64 compressed oops)
Heap:
 PSYoungGen      total 48128K, used 3915K [0x00000000f0c00000, 0x00000000f4080000, 0x0000000100000000)
  eden space 42496K, 9% used [0x00000000f0c00000,0x00000000f0fd2d38,0x00000000f3580000)
  from space 5632K, 0% used [0x00000000f3b00000,0x00000000f3b00000,0x00000000f4080000)
  to   space 5632K, 0% used [0x00000000f3580000,0x00000000f3580000,0x00000000f3b00000)
 ParOldGen       total 27648K, used 8052K [0x00000000d2400000, 0x00000000d3f00000, 0x00000000f0c00000)
  object space 27648K, 29% used [0x00000000d2400000,0x00000000d2bdd360,0x00000000d3f00000)
 Metaspace       used 26146K, capacity 27270K, committed 27648K, reserved 1079296K
  class space    used 3652K, capacity 3941K, committed 4096K, reserved 1048576K
GC Heap History (10 events):
Event: 15.148 GC heap before
{Heap before GC invocations=26 (full 8):
 PSYoungGen      total 47616K, used 0K [0x00000000f0c00000, 0x00000000f4000000, 0x0000000100000000)
  eden space 41984K, 0% used [0x00000000f0c00000,0x00000000f0c00000,0x00000000f3500000)
  from space 5632K, 0% used [0x00000000f3a80000,0x00000000f3a80000,0x00000000f4000000)
  to   space 5632K, 0% used [0x00000000f3500000,0x00000000f3500000,0x00000000f3a80000)
 ParOldGen       total 27648K, used 8455K [0x00000000d2400000, 0x00000000d3f00000, 0x00000000f0c00000)
  object space 27648K, 30% used [0x00000000d2400000,0x00000000d2c41dd8,0x00000000d3f00000)
 Metaspace       used 25965K, capacity 27010K, committed 27264K, reserved 1083392K
  class space    used 3618K, capacity 3875K, committed 3968K, reserved 1048576K
Event: 15.255 GC heap after
Heap after GC invocations=26 (full 8):
 PSYoungGen      total 47616K, used 0K [0x00000000f0c00000, 0x00000000f4000000, 0x0000000100000000)
  eden space 41984K, 0% used [0x00000000f0c00000,0x00000000f0c00000,0x00000000f3500000)
  from space 5632K, 0% used [0x00000000f3a80000,0x00000000f3a80000,0x00000000f4000000)
  to   space 5632K, 0% used [0x00000000f3500000,0x00000000f3500000,0x00000000f3a80000)
 ParOldGen       total 27648K, used 8045K [0x00000000d2400000, 0x00000000d3f00000, 0x00000000f0c00000)
  object space 27648K, 29% used [0x00000000d2400000,0x00000000d2bdb498,0x00000000d3f00000)
 Metaspace       used 25898K, capacity 26902K, committed 27264K, reserved 1079296K
  class space    used 3608K, capacity 3857K, committed 3968K, reserved 1048576K
}
Event: 15.256 GC heap before
{Heap before GC invocations=27 (full 8):
 PSYoungGen      total 47616K, used 690K [0x00000000f0c00000, 0x00000000f4000000, 0x0000000100000000)
  eden space 41984K, 1% used [0x00000000f0c00000,0x00000000f0cacaf0,0x00000000f3500000)
  from space 5632K, 0% used [0x00000000f3a80000,0x00000000f3a80000,0x00000000f4000000)
  to   space 5632K, 0% used [0x00000000f3500000,0x00000000f3500000,0x00000000f3a80000)
 ParOldGen       total 27648K, used 8045K [0x00000000d2400000, 0x00000000d3f00000, 0x00000000f0c00000)
  object space 27648K, 29% used [0x00000000d2400000,0x00000000d2bdb498,0x00000000d3f00000)
 Metaspace       used 25898K, capacity 26902K, committed 27264K, reserved 1085440K
  class space    used 3608K, capacity 3857K, committed 3968K, reserved 1048576K
Event: 15.257 GC heap after
Heap after GC invocations=27 (full 8):
 PSYoungGen      total 47616K, used 96K [0x00000000f0c00000, 0x00000000f4080000, 0x0000000100000000)
  eden space 41984K, 0% used [0x00000000f0c00000,0x00000000f0c00000,0x00000000f3500000)
  from space 5632K, 1% used [0x00000000f3500000,0x00000000f3518000,0x00000000f3a80000)
  to   space 5632K, 0% used [0x00000000f3b00000,0x00000000f3b00000,0x00000000f4080000)
 ParOldGen       total 27648K, used 8045K [0x00000000d2400000, 0x00000000d3f00000, 0x00000000f0c00000)
  object space 27648K, 29% used [0x00000000d2400000,0x00000000d2bdb498,0x00000000d3f00000)
 Metaspace       used 25898K, capacity 26902K, committed 27264K, reserved 1085440K
  class space    used 3608K, capacity 3857K, committed 3968K, reserved 1048576K
}
Event: 15.257 GC heap before
{Heap before GC invocations=28 (full 9):
 PSYoungGen      total 47616K, used 96K [0x00000000f0c00000, 0x00000000f4080000, 0x0000000100000000)
  eden space 41984K, 0% used [0x00000000f0c00000,0x00000000f0c00000,0x00000000f3500000)
  from space 5632K, 1% used [0x00000000f3500000,0x00000000f3518000,0x00000000f3a80000)
  to   space 5632K, 0% used [0x00000000f3b00000,0x00000000f3b00000,0x00000000f4080000)
 ParOldGen       total 27648K, used 8045K [0x00000000d2400000, 0x00000000d3f00000, 0x00000000f0c00000)
  object space 27648K, 29% used [0x00000000d2400000,0x00000000d2bdb498,0x00000000d3f00000)
 Metaspace       used 25898K, capacity 26902K, committed 27264K, reserved 1085440K
  class space    used 3608K, capacity 3857K, committed 3968K, reserved 1048576K
Event: 15.307 GC heap after
Heap after GC invocations=28 (full 9):
 PSYoungGen      total 47616K, used 0K [0x00000000f0c00000, 0x00000000f4080000, 0x0000000100000000)
  eden space 41984K, 0% used [0x00000000f0c00000,0x00000000f0c00000,0x00000000f3500000)
  from space 5632K, 0% used [0x00000000f3500000,0x00000000f3500000,0x00000000f3a80000)
  to   space 5632K, 0% used [0x00000000f3b00000,0x00000000f3b00000,0x00000000f4080000)
 ParOldGen       total 27648K, used 8053K [0x00000000d2400000, 0x00000000d3f00000, 0x00000000f0c00000)
  object space 27648K, 29% used [0x00000000d2400000,0x00000000d2bdd750,0x00000000d3f00000)
 Metaspace       used 25898K, capacity 26902K, committed 27264K, reserved 1079296K
  class space    used 3608K, capacity 3857K, committed 3968K, reserved 1048576K
}
Event: 15.307 GC heap before
{Heap before GC invocations=29 (full 9):
 PSYoungGen      total 47616K, used 0K [0x00000000f0c00000, 0x00000000f4080000, 0x0000000100000000)
  eden space 41984K, 0% used [0x00000000f0c00000,0x00000000f0c00000,0x00000000f3500000)
  from space 5632K, 0% used [0x00000000f3500000,0x00000000f3500000,0x00000000f3a80000)
  to   space 5632K, 0% used [0x00000000f3b00000,0x00000000f3b00000,0x00000000f4080000)
 ParOldGen       total 27648K, used 8053K [0x00000000d2400000, 0x00000000d3f00000, 0x00000000f0c00000)
  object space 27648K, 29% used [0x00000000d2400000,0x00000000d2bdd750,0x00000000d3f00000)
 Metaspace       used 25898K, capacity 26902K, committed 27264K, reserved 1083392K
  class space    used 3608K, capacity 3857K, committed 3968K, reserved 1048576K
Event: 15.308 GC heap after
Heap after GC invocations=29 (full 9):
 PSYoungGen      total 48128K, used 0K [0x00000000f0c00000, 0x00000000f4080000, 0x0000000100000000)
  eden space 42496K, 0% used [0x00000000f0c00000,0x00000000f0c00000,0x00000000f3580000)
  from space 5632K, 0% used [0x00000000f3b00000,0x00000000f3b00000,0x00000000f4080000)
  to   space 5632K, 0% used [0x00000000f3580000,0x00000000f3580000,0x00000000f3b00000)
 ParOldGen       total 27648K, used 8053K [0x00000000d2400000, 0x00000000d3f00000, 0x00000000f0c00000)
  object space 27648K, 29% used [0x00000000d2400000,0x00000000d2bdd750,0x00000000d3f00000)
 Metaspace       used 25898K, capacity 26902K, committed 27264K, reserved 1083392K
  class space    used 3608K, capacity 3857K, committed 3968K, reserved 1048576K
}
Event: 15.308 GC heap before
{Heap before GC invocations=30 (full 10):
 PSYoungGen      total 48128K, used 0K [0x00000000f0c00000, 0x00000000f4080000, 0x0000000100000000)
  eden space 42496K, 0% used [0x00000000f0c00000,0x00000000f0c00000,0x00000000f3580000)
  from space 5632K, 0% used [0x00000000f3b00000,0x00000000f3b00000,0x00000000f4080000)
  to   space 5632K, 0% used [0x00000000f3580000,0x00000000f3580000,0x00000000f3b00000)
 ParOldGen       total 27648K, used 8053K [0x00000000d2400000, 0x00000000d3f00000, 0x00000000f0c00000)
  object space 27648K, 29% used [0x00000000d2400000,0x00000000d2bdd750,0x00000000d3f00000)
 Metaspace       used 25898K, capacity 26902K, committed 27264K, reserved 1083392K
  class space    used 3608K, capacity 3857K, committed 3968K, reserved 1048576K
Event: 15.339 GC heap after
Heap after GC invocations=30 (full 10):
 PSYoungGen      total 48128K, used 0K [0x00000000f0c00000, 0x00000000f4080000, 0x0000000100000000)
  eden space 42496K, 0% used [0x00000000f0c00000,0x00000000f0c00000,0x00000000f3580000)
  from space 5632K, 0% used [0x00000000f3b00000,0x00000000f3b00000,0x00000000f4080000)
  to   space 5632K, 0% used [0x00000000f3580000,0x00000000f3580000,0x00000000f3b00000)
 ParOldGen       total 27648K, used 8052K [0x00000000d2400000, 0x00000000d3f00000, 0x00000000f0c00000)
  object space 27648K, 29% used [0x00000000d2400000,0x00000000d2bdd360,0x00000000d3f00000)
 Metaspace       used 25898K, capacity 26902K, committed 27264K, reserved 1079296K
  class space    used 3608K, capacity 3857K, committed 3968K, reserved 1048576K
}

