# JRE version: Java(TM) SE Runtime Environment (8.0_201-b09) (build 1.8.0_201-b09)
# Java VM: Java HotSpot(TM) 64-Bit Server VM (25.201-b09 mixed mode windows-amd64 compressed oops)
Heap:
 PSYoungGen      total 53248K, used 36385K [0x00000000f0c00000, 0x00000000f4600000, 0x0000000100000000)
  eden space 48640K, 65% used [0x00000000f0c00000,0x00000000f2b0f2c0,0x00000000f3b80000)
  from space 4608K, 99% used [0x00000000f4080000,0x00000000f44f91a0,0x00000000f4500000)
  to   space 5120K, 0% used [0x00000000f3b80000,0x00000000f3b80000,0x00000000f4080000)
 ParOldGen       total 27648K, used 13820K [0x00000000d2400000, 0x00000000d3f00000, 0x00000000f0c00000)
  object space 27648K, 49% used [0x00000000d2400000,0x00000000d317f398,0x00000000d3f00000)
 Metaspace       used 27881K, capacity 29416K, committed 29696K, reserved 1075200K
  class space    used 3904K, capacity 4264K, committed 4352K, reserved 1048576K
GC Heap History (10 events):
Event: 8.486 GC heap before
{Heap before GC invocations=7 (full 0):
 PSYoungGen      total 53248K, used 38960K [0x00000000f0c00000, 0x00000000f4600000, 0x0000000100000000)
  eden space 48640K, 71% used [0x00000000f0c00000,0x00000000f2dd2610,0x00000000f3b80000)
  from space 4608K, 93% used [0x00000000f4080000,0x00000000f44b9c00,0x00000000f4500000)
  to   space 5120K, 0% used [0x00000000f3b80000,0x00000000f3b80000,0x00000000f4080000)
 ParOldGen       total 31744K, used 5301K [0x00000000d2400000, 0x00000000d4300000, 0x00000000f0c00000)
  object space 31744K, 16% used [0x00000000d2400000,0x00000000d292d798,0x00000000d4300000)
 Metaspace       used 20550K, capacity 21136K, committed 21248K, reserved 1067008K
  class space    used 2801K, capacity 2985K, committed 3072K, reserved 1048576K
Event: 8.497 GC heap after
Heap after GC invocations=7 (full 0):
 PSYoungGen      total 53760K, used 5104K [0x00000000f0c00000, 0x00000000f4600000, 0x0000000100000000)
  eden space 48640K, 0% used [0x00000000f0c00000,0x00000000f0c00000,0x00000000f3b80000)
  from space 5120K, 99% used [0x00000000f3b80000,0x00000000f407c3b0,0x00000000f4080000)
  to   space 4608K, 0% used [0x00000000f4080000,0x00000000f4080000,0x00000000f4500000)
 ParOldGen       total 31744K, used 7847K [0x00000000d2400000, 0x00000000d4300000, 0x00000000f0c00000)
  object space 31744K, 24% used [0x00000000d2400000,0x00000000d2ba9ef8,0x00000000d4300000)
 Metaspace       used 20550K, capacity 21136K, committed 21248K, reserved 1067008K
  class space    used 2801K, capacity 2985K, committed 3072K, reserved 1048576K
}
Event: 8.497 GC heap before
{Heap before GC invocations=8 (full 1):
 PSYoungGen      total 53760K, used 5104K [0x00000000f0c00000, 0x00000000f4600000, 0x0000000100000000)
  eden space 48640K, 0% used [0x00000000f0c00000,0x00000000f0c00000,0x00000000f3b80000)
  from space 5120K, 99% used [0x00000000f3b80000,0x00000000f407c3b0,0x00000000f4080000)
  to   space 4608K, 0% used [0x00000000f4080000,0x00000000f4080000,0x00000000f4500000)
 ParOldGen       total 31744K, used 7847K [0x00000000d2400000, 0x00000000d4300000, 0x00000000f0c00000)
  object space 31744K, 24% used [0x00000000d2400000,0x00000000d2ba9ef8,0x00000000d4300000)
 Metaspace       used 20550K, capacity 21136K, committed 21248K, reserved 1067008K
  class space    used 2801K, capacity 2985K, committed 3072K, reserved 1048576K
Event: 8.548 GC heap after
Heap after GC invocations=8 (full 1):
 PSYoungGen      total 53760K, used 0K [0x00000000f0c00000, 0x00000000f4600000, 0x0000000100000000)
  eden space 48640K, 0% used [0x00000000f0c00000,0x00000000f0c00000,0x00000000f3b80000)
  from space 5120K, 0% used [0x00000000f3b80000,0x00000000f3b80000,0x00000000f4080000)
  to   space 4608K, 0% used [0x00000000f4080000,0x00000000f4080000,0x00000000f4500000)
 ParOldGen       total 27648K, used 10742K [0x00000000d2400000, 0x00000000d3f00000, 0x00000000f0c00000)
  object space 27648K, 38% used [0x00000000d2400000,0x00000000d2e7d858,0x00000000d3f00000)
 Metaspace       used 20549K, capacity 21130K, committed 21248K, reserved 1067008K
  class space    used 2800K, capacity 2984K, committed 3072K, reserved 1048576K
}
Event: 9.668 GC heap before
{Heap before GC invocations=9 (full 1):
 PSYoungGen      total 53760K, used 48630K [0x00000000f0c00000, 0x00000000f4600000, 0x0000000100000000)
  eden space 48640K, 99% used [0x00000000f0c00000,0x00000000f3b7d938,0x00000000f3b80000)
  from space 5120K, 0% used [0x00000000f3b80000,0x00000000f3b80000,0x00000000f4080000)
  to   space 4608K, 0% used [0x00000000f4080000,0x00000000f4080000,0x00000000f4500000)
 ParOldGen       total 27648K, used 10742K [0x00000000d2400000, 0x00000000d3f00000, 0x00000000f0c00000)
  object space 27648K, 38% used [0x00000000d2400000,0x00000000d2e7d858,0x00000000d3f00000)
 Metaspace       used 21872K, capacity 22632K, committed 22912K, reserved 1069056K
  class space    used 2992K, capacity 3170K, committed 3200K, reserved 1048576K
Event: 9.676 GC heap after
Heap after GC invocations=9 (full 1):
 PSYoungGen      total 53248K, used 3806K [0x00000000f0c00000, 0x00000000f4600000, 0x0000000100000000)
  eden space 48640K, 0% used [0x00000000f0c00000,0x00000000f0c00000,0x00000000f3b80000)
  from space 4608K, 82% used [0x00000000f4080000,0x00000000f4437b38,0x00000000f4500000)
  to   space 5120K, 0% used [0x00000000f3b80000,0x00000000f3b80000,0x00000000f4080000)
 ParOldGen       total 27648K, used 10750K [0x00000000d2400000, 0x00000000d3f00000, 0x00000000f0c00000)
  object space 27648K, 38% used [0x00000000d2400000,0x00000000d2e7f858,0x00000000d3f00000)
 Metaspace       used 21872K, capacity 22632K, committed 22912K, reserved 1069056K
  class space    used 2992K, capacity 3170K, committed 3200K, reserved 1048576K
}
Event: 10.048 GC heap before
{Heap before GC invocations=10 (full 1):
 PSYoungGen      total 53248K, used 52446K [0x00000000f0c00000, 0x00000000f4600000, 0x0000000100000000)
  eden space 48640K, 100% used [0x00000000f0c00000,0x00000000f3b80000,0x00000000f3b80000)
  from space 4608K, 82% used [0x00000000f4080000,0x00000000f4437b38,0x00000000f4500000)
  to   space 5120K, 0% used [0x00000000f3b80000,0x00000000f3b80000,0x00000000f4080000)
 ParOldGen       total 27648K, used 10750K [0x00000000d2400000, 0x00000000d3f00000, 0x00000000f0c00000)
  object space 27648K, 38% used [0x00000000d2400000,0x00000000d2e7f858,0x00000000d3f00000)
 Metaspace       used 22439K, capacity 23328K, committed 23552K, reserved 1069056K
  class space    used 3088K, capacity 3302K, committed 3328K, reserved 1048576K
Event: 10.054 GC heap after
Heap after GC invocations=10 (full 1):
 PSYoungGen      total 53760K, used 3787K [0x00000000f0c00000, 0x00000000f4600000, 0x0000000100000000)
  eden space 48640K, 0% used [0x00000000f0c00000,0x00000000f0c00000,0x00000000f3b80000)
  from space 5120K, 73% used [0x00000000f3b80000,0x00000000f3f32fc8,0x00000000f4080000)
  to   space 4608K, 0% used [0x00000000f4080000,0x00000000f4080000,0x00000000f4500000)
 ParOldGen       total 27648K, used 10750K [0x00000000d2400000, 0x00000000d3f00000, 0x00000000f0c00000)
  object space 27648K, 38% used [0x00000000d2400000,0x00000000d2e7f858,0x00000000d3f00000)
 Metaspace       used 22439K, capacity 23328K, committed 23552K, reserved 1069056K
  class space    used 3088K, capacity 3302K, committed 3328K, reserved 1048576K
}
Event: 11.173 GC heap before
{Heap before GC invocations=11 (full 1):
 PSYoungGen      total 53760K, used 52427K [0x00000000f0c00000, 0x00000000f4600000, 0x0000000100000000)
  eden space 48640K, 100% used [0x00000000f0c00000,0x00000000f3b80000,0x00000000f3b80000)
  from space 5120K, 73% used [0x00000000f3b80000,0x00000000f3f32fc8,0x00000000f4080000)
  to   space 4608K, 0% used [0x00000000f4080000,0x00000000f4080000,0x00000000f4500000)
 ParOldGen       total 27648K, used 10750K [0x00000000d2400000, 0x00000000d3f00000, 0x00000000f0c00000)
  object space 27648K, 38% used [0x00000000d2400000,0x00000000d2e7f858,0x00000000d3f00000)
 Metaspace       used 25527K, capacity 26626K, committed 26880K, reserved 1073152K
  class space    used 3542K, capacity 3797K, committed 3840K, reserved 1048576K
Event: 11.185 GC heap after
Heap after GC invocations=11 (full 1):
 PSYoungGen      total 53248K, used 4580K [0x00000000f0c00000, 0x00000000f4600000, 0x0000000100000000)
  eden space 48640K, 0% used [0x00000000f0c00000,0x00000000f0c00000,0x00000000f3b80000)
  from space 4608K, 99% used [0x00000000f4080000,0x00000000f44f91a0,0x00000000f4500000)
  to   space 5120K, 0% used [0x00000000f3b80000,0x00000000f3b80000,0x00000000f4080000)
 ParOldGen       total 27648K, used 13820K [0x00000000d2400000, 0x00000000d3f00000, 0x00000000f0c00000)
  object space 27648K, 49% used [0x00000000d2400000,0x00000000d317f398,0x00000000d3f00000)
 Metaspace       used 25527K, capacity 26626K, committed 26880K, reserved 1073152K
  class space    used 3542K, capacity 3797K, committed 3840K, reserved 1048576K
}

